TN:
SF:src/core/BaseAccount.sol
FN:24,BaseAccount.getNonce
FNDA:1,BaseAccount.getNonce
DA:25,1
FN:35,BaseAccount.validateUserOp
FNDA:12,BaseAccount.validateUserOp
DA:40,12
DA:41,12
DA:42,11
DA:43,11
FN:49,BaseAccount._requireFromEntryPoint
FNDA:19,BaseAccount._requireFromEntryPoint
DA:50,19
BRDA:50,0,0,1
BRDA:50,0,1,18
FN:91,BaseAccount._validateNonce
FNDA:11,BaseAccount._validateNonce
FN:103,BaseAccount._payPrefund
FNDA:10,BaseAccount._payPrefund
DA:104,10
BRDA:104,1,0,3
DA:105,3
FNF:5
FNH:5
LF:8
LH:8
BRF:3
BRH:3
end_of_record
TN:
SF:src/core/BasePaymaster.sol
FN:23,BasePaymaster.
FNDA:12,BasePaymaster.
DA:24,12
DA:25,12
FN:30,BasePaymaster._validateEntryPointInterface
FNDA:12,BasePaymaster._validateEntryPointInterface
DA:31,12
BRDA:31,0,0,-
BRDA:31,0,1,12
FN:35,BasePaymaster.validatePaymasterUserOp
FNDA:4,BasePaymaster.validatePaymasterUserOp
DA:40,4
DA:41,3
FN:57,BasePaymaster.postOp
FNDA:0,BasePaymaster.postOp
DA:63,0
DA:64,0
FN:82,BasePaymaster._postOp
FNDA:0,BasePaymaster._postOp
DA:90,0
FN:96,BasePaymaster.deposit
FNDA:1,BasePaymaster.deposit
DA:97,1
FN:105,BasePaymaster.withdrawTo
FNDA:1,BasePaymaster.withdrawTo
DA:109,1
FN:117,BasePaymaster.addStake
FNDA:1,BasePaymaster.addStake
DA:118,1
FN:124,BasePaymaster.getDeposit
FNDA:2,BasePaymaster.getDeposit
DA:125,2
FN:132,BasePaymaster.unlockStake
FNDA:1,BasePaymaster.unlockStake
DA:133,1
FN:141,BasePaymaster.withdrawStake
FNDA:1,BasePaymaster.withdrawStake
DA:142,1
FN:148,BasePaymaster._requireFromEntryPoint
FNDA:4,BasePaymaster._requireFromEntryPoint
DA:149,4
BRDA:149,1,0,1
BRDA:149,1,1,3
FNF:12
FNH:10
LF:15
LH:12
BRF:4
BRH:3
end_of_record
TN:
SF:src/core/EntryPoint.sol
FN:32,EntryPoint.senderCreator
FNDA:7,EntryPoint.senderCreator
DA:33,7
FN:48,EntryPoint.supportsInterface
FNDA:17,EntryPoint.supportsInterface
DA:50,17
DA:52,16
DA:53,2
FN:61,EntryPoint._compensate
FNDA:6,EntryPoint._compensate
DA:62,6
BRDA:62,0,0,1
BRDA:62,0,1,5
DA:63,5
DA:64,5
BRDA:64,1,0,1
BRDA:64,1,1,4
FN:74,EntryPoint._executeUserOp
FNDA:5,EntryPoint._executeUserOp
DA:78,5
DA:79,5
DA:80,5
DA:82,5
DA:84,5
DA:86,5
DA:87,5
DA:88,5
DA:90,5
DA:91,5
BRDA:91,2,0,4
DA:93,5
BRDA:93,3,0,1
BRDA:93,3,1,4
DA:94,1
DA:95,1
DA:97,4
DA:100,5
DA:101,5
DA:102,5
DA:105,5
BRDA:105,4,0,1
DA:107,1
DA:109,1
DA:110,1
BRDA:110,5,0,1
DA:111,1
DA:112,1
DA:116,1
DA:117,1
DA:118,1
BRDA:118,6,0,1
BRDA:118,6,1,-
DA:119,1
DA:122,1
DA:123,0
BRDA:123,7,0,-
BRDA:123,7,1,-
DA:124,0
DA:126,0
DA:127,0
DA:128,0
DA:129,0
DA:130,0
DA:132,0
DA:133,0
DA:140,0
DA:141,0
FN:146,EntryPoint.emitUserOperationEvent
FNDA:5,EntryPoint.emitUserOperationEvent
DA:150,5
FN:161,EntryPoint.emitPrefundTooLow
FNDA:1,EntryPoint.emitPrefundTooLow
DA:162,1
FN:166,EntryPoint.handleOps
FNDA:4,EntryPoint.handleOps
DA:167,4
DA:168,4
DA:171,4
DA:172,4
DA:173,4
DA:174,4
DA:177,4
DA:178,4
DA:180,4
DA:181,4
DA:184,4
FN:189,EntryPoint.handleAggregatedOps
FNDA:0,EntryPoint.handleAggregatedOps
DA:193,0
DA:194,0
DA:195,0
DA:196,0
DA:197,0
DA:198,0
DA:201,0
BRDA:201,8,0,-
BRDA:201,8,1,-
DA:203,0
BRDA:203,9,0,-
DA:205,0
DA:206,0
DA:207,0
DA:211,0
DA:214,0
DA:216,0
DA:217,0
DA:218,0
DA:219,0
DA:220,0
DA:222,0
DA:223,0
DA:224,0
DA:225,0
DA:226,0
DA:229,0
DA:233,0
DA:235,0
DA:236,0
DA:237,0
DA:238,0
DA:239,0
DA:240,0
DA:241,0
DA:243,0
DA:244,0
DA:245,0
DA:248,0
DA:250,0
FN:286,EntryPoint.innerHandleOp
FNDA:5,EntryPoint.innerHandleOp
DA:290,5
DA:291,5
BRDA:291,10,0,-
BRDA:291,10,1,5
DA:292,5
DA:294,5
DA:297,5
BRDA:297,11,0,1
DA:299,1
DA:300,1
DA:305,4
DA:306,4
BRDA:306,12,0,3
DA:307,3
DA:308,3
BRDA:308,13,0,-
DA:309,0
DA:310,0
BRDA:310,14,0,-
DA:311,0
DA:313,0
DA:318,4
DA:319,4
FN:324,EntryPoint.getUserOpHash
FNDA:23,EntryPoint.getUserOpHash
DA:325,31
FN:333,EntryPoint._copyUserOpToMemory
FNDA:14,EntryPoint._copyUserOpToMemory
DA:334,14
DA:335,14
DA:336,14
DA:337,14
DA:338,14
DA:339,14
DA:340,14
BRDA:340,15,0,7
BRDA:340,15,1,6
DA:341,7
BRDA:341,16,0,1
BRDA:341,16,1,6
DA:342,6
DA:345,7
DA:346,7
DA:347,7
FN:355,EntryPoint._getRequiredPrefund
FNDA:8,EntryPoint._getRequiredPrefund
DA:357,8
DA:360,8
FN:370,EntryPoint._createSenderIfNeeded
FNDA:18,EntryPoint._createSenderIfNeeded
DA:371,18
BRDA:371,17,0,7
DA:372,7
DA:373,7
BRDA:373,18,0,1
DA:374,1
DA:376,6
DA:377,6
BRDA:377,19,0,1
DA:378,1
DA:380,5
BRDA:380,20,0,1
DA:381,1
DA:383,4
BRDA:383,21,0,1
DA:384,1
DA:386,3
DA:387,3
FN:392,EntryPoint.getSenderAddress
FNDA:1,EntryPoint.getSenderAddress
DA:393,1
DA:394,1
FN:406,EntryPoint._validateAccountPrepayment
FNDA:12,EntryPoint._validateAccountPrepayment
DA:414,12
DA:415,12
DA:416,12
DA:417,12
DA:418,12
DA:419,12
BRDA:419,22,0,11
DA:420,11
DA:421,11
DA:423,12
DA:424,11
DA:425,11
DA:426,1
DA:427,1
DA:429,11
BRDA:429,23,0,10
DA:430,10
DA:431,10
DA:432,10
BRDA:432,24,0,1
DA:434,1
DA:436,9
FN:452,EntryPoint._validatePaymasterPrepayment
FNDA:5,EntryPoint._validatePaymasterPrepayment
DA:459,5
DA:460,5
DA:461,5
DA:462,5
DA:463,5
DA:464,5
BRDA:464,25,0,1
DA:465,1
DA:467,4
DA:468,4
DA:469,4
DA:471,3
DA:472,3
DA:473,3
DA:474,1
DA:475,1
DA:478,3
BRDA:478,26,0,1
DA:479,1
FN:491,EntryPoint._validateAccountAndPaymasterValidationData
FNDA:8,EntryPoint._validateAccountAndPaymasterValidationData
DA:497,8
DA:498,8
BRDA:498,27,0,1
DA:499,1
DA:500,1
DA:501,1
DA:503,1
BRDA:503,28,0,1
DA:504,1
DA:508,6
DA:509,6
DA:510,6
BRDA:510,29,0,1
DA:511,1
DA:513,1
BRDA:513,30,0,1
DA:514,1
FN:524,EntryPoint._getValidationData
FNDA:19,EntryPoint._getValidationData
DA:529,19
BRDA:529,31,0,11
DA:530,11
DA:532,8
DA:534,8
DA:535,8
FN:545,EntryPoint._validatePrepayment
FNDA:8,EntryPoint._validatePrepayment
DA:549,8
DA:550,8
DA:551,8
DA:552,8
DA:556,8
DA:557,8
DA:560,8
BRDA:560,32,0,1
BRDA:560,32,1,7
DA:562,7
DA:563,7
DA:565,7
BRDA:565,33,0,1
DA:566,1
DA:570,6
BRDA:570,34,0,1
DA:571,1
DA:575,5
DA:576,5
BRDA:576,35,0,1
DA:577,1
DA:581,5
DA:582,5
DA:583,5
FN:596,EntryPoint._postExecution
FNDA:4,EntryPoint._postExecution
DA:602,4
DA:604,4
DA:605,4
DA:606,4
DA:608,4
DA:609,4
BRDA:609,36,0,3
BRDA:609,36,1,-
DA:610,3
DA:612,1
DA:613,1
BRDA:613,37,0,-
DA:614,0
DA:615,0
BRDA:615,38,0,-
DA:616,0
DA:618,0
DA:620,0
DA:621,0
DA:622,0
DA:627,4
DA:631,4
DA:632,4
DA:634,4
BRDA:634,39,0,4
DA:635,4
DA:636,4
DA:637,4
DA:641,4
DA:642,4
DA:643,4
BRDA:643,40,0,-
BRDA:643,40,1,4
DA:644,0
BRDA:644,41,0,-
BRDA:644,41,1,-
DA:645,0
DA:646,0
DA:647,0
DA:650,0
DA:651,0
DA:655,4
DA:656,4
DA:657,4
DA:658,4
FN:668,EntryPoint.getUserOpGasPrice
FNDA:7,EntryPoint.getUserOpGasPrice
DA:670,7
DA:671,7
DA:672,7
BRDA:672,42,0,5
DA:674,5
DA:676,2
FN:684,EntryPoint.getOffsetOfMemoryBytes
FNDA:5,EntryPoint.getOffsetOfMemoryBytes
DA:686,5
FN:694,EntryPoint.getMemoryBytesFromOffset
FNDA:5,EntryPoint.getMemoryBytesFromOffset
DA:696,5
FN:701,EntryPoint.delegateAndRevert
FNDA:0,EntryPoint.delegateAndRevert
DA:702,0
DA:703,0
FNF:24
FNH:22
LF:261
LH:194
BRF:56
BRH:41
end_of_record
TN:
SF:src/core/EntryPointSimulations.sol
FN:21,EntryPointSimulations.initSenderCreator
FNDA:0,EntryPointSimulations.initSenderCreator
DA:23,0
DA:24,0
FN:27,EntryPointSimulations.senderCreator
FNDA:0,EntryPointSimulations.senderCreator
DA:30,0
FN:37,EntryPointSimulations.
FNDA:0,EntryPointSimulations.
DA:38,0
BRDA:38,0,0,-
BRDA:38,0,1,-
FN:42,EntryPointSimulations.simulateValidation
FNDA:0,EntryPointSimulations.simulateValidation
DA:49,0
DA:51,0
DA:52,0
DA:55,0
DA:56,0
DA:59,0
DA:60,0
DA:62,0
DA:63,0
DA:66,0
DA:69,0
DA:70,0
DA:78,0
DA:79,0
BRDA:79,1,0,-
DA:80,0
DA:85,0
FN:95,EntryPointSimulations.simulateHandleOp
FNDA:0,EntryPointSimulations.simulateHandleOp
DA:104,0
DA:105,0
DA:106,0
DA:109,0
DA:111,0
DA:112,0
DA:113,0
DA:114,0
BRDA:114,2,0,-
DA:115,0
DA:117,0
FN:127,EntryPointSimulations._simulationOnlyValidations
FNDA:0,EntryPointSimulations._simulationOnlyValidations
DA:133,0
DA:136,0
DA:142,0
DA:143,0
BRDA:143,3,0,-
DA:144,0
FN:156,EntryPointSimulations._validateSenderAndPaymaster
FNDA:0,EntryPointSimulations._validateSenderAndPaymaster
DA:161,0
BRDA:161,4,0,-
DA:163,0
DA:165,0
BRDA:165,5,0,-
DA:166,0
DA:167,0
BRDA:167,6,0,-
DA:169,0
DA:173,0
FN:179,EntryPointSimulations.depositTo
FNDA:0,EntryPointSimulations.depositTo
DA:183,0
DA:184,0
DA:185,0
DA:187,0
FNF:8
FNH:0
LF:46
LH:0
BRF:8
BRH:0
end_of_record
TN:
SF:src/core/NonceManager.sol
FN:17,NonceManager.getNonce
FNDA:4,NonceManager.getNonce
DA:19,4
FN:26,NonceManager.incrementNonce
FNDA:2,NonceManager.incrementNonce
DA:27,2
FN:36,NonceManager._validateAndUpdateNonce
FNDA:7,NonceManager._validateAndUpdateNonce
DA:38,7
DA:39,7
DA:40,7
FNF:3
FNH:3
LF:5
LH:5
BRF:0
BRH:0
end_of_record
TN:
SF:src/core/SenderCreator.sol
FN:15,SenderCreator.createSender
FNDA:8,SenderCreator.createSender
DA:18,8
DA:19,8
DA:20,8
DA:23,8
DA:32,8
DA:34,8
BRDA:34,0,0,2
DA:35,2
FNF:1
FNH:1
LF:7
LH:7
BRF:1
BRH:1
end_of_record
TN:
SF:src/core/StakeManager.sol
FN:19,StakeManager.getDepositInfo
FNDA:6,StakeManager.getDepositInfo
DA:22,6
FN:29,StakeManager._getStakeInfo
FNDA:0,StakeManager._getStakeInfo
DA:32,0
DA:33,0
DA:34,0
FN:38,StakeManager.balanceOf
FNDA:5,StakeManager.balanceOf
DA:39,16
FN:42,StakeManager.
FNDA:5,StakeManager.
DA:43,5
FN:52,StakeManager._incrementDeposit
FNDA:23,StakeManager._incrementDeposit
DA:53,23
DA:54,23
DA:55,23
DA:56,23
FN:63,StakeManager.depositTo
FNDA:14,StakeManager.depositTo
DA:64,19
DA:65,19
FN:73,StakeManager.addStake
FNDA:14,StakeManager.addStake
DA:74,14
DA:75,14
BRDA:75,0,0,1
BRDA:75,0,1,13
DA:76,13
BRDA:76,1,0,1
BRDA:76,1,1,12
DA:80,12
DA:82,12
BRDA:82,2,0,1
BRDA:82,2,1,11
DA:84,11
BRDA:84,3,0,1
BRDA:84,3,1,10
DA:85,10
DA:92,10
FN:99,StakeManager.unlockStake
FNDA:8,StakeManager.unlockStake
DA:100,8
DA:101,8
BRDA:101,4,0,1
BRDA:101,4,1,7
DA:102,7
BRDA:102,5,0,1
BRDA:102,5,1,6
DA:103,6
DA:105,6
DA:106,6
DA:107,6
FN:115,StakeManager.withdrawStake
FNDA:6,StakeManager.withdrawStake
DA:116,6
DA:117,6
DA:118,6
BRDA:118,6,0,1
BRDA:118,6,1,5
DA:119,5
BRDA:119,7,0,1
BRDA:119,7,1,4
DA:120,4
BRDA:120,8,0,1
BRDA:120,8,1,3
DA:124,3
DA:125,3
DA:126,3
DA:127,3
DA:128,3
DA:129,3
BRDA:129,9,0,1
BRDA:129,9,1,2
FN:137,StakeManager.withdrawTo
FNDA:4,StakeManager.withdrawTo
DA:141,4
DA:142,4
BRDA:142,10,0,1
BRDA:142,10,1,3
DA:143,3
DA:144,3
DA:145,3
DA:146,3
BRDA:146,11,0,1
BRDA:146,11,1,2
FNF:10
FNH:9
LF:44
LH:41
BRF:24
BRH:24
end_of_record
TN:
SF:src/core/UserOperationLib.sol
FN:21,UserOperationLib.getSender
FNDA:31,UserOperationLib.getSender
DA:24,31
DA:27,31
DA:29,31
FN:37,UserOperationLib.gasPrice
FNDA:0,UserOperationLib.gasPrice
DA:41,0
DA:42,0
BRDA:42,0,0,-
DA:44,0
DA:46,0
FN:54,UserOperationLib.encode
FNDA:31,UserOperationLib.encode
DA:57,31
DA:58,31
DA:59,31
DA:60,31
DA:61,31
DA:62,31
DA:63,31
DA:64,31
DA:66,31
FN:74,UserOperationLib.unpackUints
FNDA:28,UserOperationLib.unpackUints
DA:77,28
FN:81,UserOperationLib.unpackHigh128
FNDA:0,UserOperationLib.unpackHigh128
DA:82,0
FN:86,UserOperationLib.unpackLow128
FNDA:0,UserOperationLib.unpackLow128
DA:87,0
FN:90,UserOperationLib.unpackMaxPriorityFeePerGas
FNDA:0,UserOperationLib.unpackMaxPriorityFeePerGas
DA:92,0
FN:95,UserOperationLib.unpackMaxFeePerGas
FNDA:0,UserOperationLib.unpackMaxFeePerGas
DA:97,0
FN:100,UserOperationLib.unpackVerificationGasLimit
FNDA:0,UserOperationLib.unpackVerificationGasLimit
DA:102,0
FN:105,UserOperationLib.unpackCallGasLimit
FNDA:0,UserOperationLib.unpackCallGasLimit
DA:107,0
FN:110,UserOperationLib.unpackPaymasterVerificationGasLimit
FNDA:0,UserOperationLib.unpackPaymasterVerificationGasLimit
DA:112,0
FN:115,UserOperationLib.unpackPostOpGasLimit
FNDA:0,UserOperationLib.unpackPostOpGasLimit
DA:117,0
FN:120,UserOperationLib.unpackPaymasterStaticFields
FNDA:6,UserOperationLib.unpackPaymasterStaticFields
DA:123,6
FN:134,UserOperationLib.hash
FNDA:31,UserOperationLib.hash
DA:137,31
FNF:14
FNH:5
LF:27
LH:15
BRF:1
BRH:0
end_of_record
TN:
SF:src/samples/AccountFactory.sol
FN:9,AccountFactory.createAccount
FNDA:7,AccountFactory.createAccount
DA:10,7
DA:11,7
FN:14,AccountFactory.getAccountAddress
FNDA:6,AccountFactory.getAccountAddress
DA:15,6
FNF:2
FNH:2
LF:3
LH:3
BRF:0
BRH:0
end_of_record
TN:
SF:src/samples/Paymaster.sol
FN:15,Paymaster._validatePaymasterUserOp
FNDA:5,Paymaster._validatePaymasterUserOp
DA:22,5
DA:23,5
DA:24,2
BRDA:24,0,0,2
BRDA:24,0,1,3
DA:25,2
DA:26,2
DA:28,3
DA:29,3
FN:33,Paymaster.addAddressToWhitelist
FNDA:4,Paymaster.addAddressToWhitelist
DA:34,3
FN:37,Paymaster.removeAddressFromWhitelist
FNDA:2,Paymaster.removeAddressFromWhitelist
DA:38,1
FN:41,Paymaster.checkIfWhitelisted
FNDA:3,Paymaster.checkIfWhitelisted
DA:42,3
FNF:4
FNH:4
LF:10
LH:10
BRF:2
BRH:2
end_of_record
TN:
SF:src/samples/SimpleAccount.sol
FN:22,SimpleAccount.
FNDA:27,SimpleAccount.
DA:23,26
FN:26,SimpleAccount.entryPoint
FNDA:2,SimpleAccount.entryPoint
DA:27,20
FN:30,SimpleAccount._validateSignature
FNDA:12,SimpleAccount._validateSignature
DA:37,12
DA:38,12
DA:39,12
DA:40,12
BRDA:40,0,0,10
BRDA:40,0,1,2
DA:41,10
DA:42,10
DA:44,2
DA:45,2
FN:49,SimpleAccount.execute
FNDA:5,SimpleAccount.execute
DA:50,5
DA:51,4
DA:52,4
BRDA:52,1,0,1
DA:53,1
FNF:4
FNH:4
LF:14
LH:14
BRF:3
BRH:3
end_of_record
TN:
SF:src/samples/SimpleAccountExecuteUserOp.sol
FN:14,SimpleAccountExecuteUserOp.executeUserOp
FNDA:2,SimpleAccountExecuteUserOp.executeUserOp
DA:16,2
DA:18,2
DA:20,2
DA:22,2
DA:23,2
BRDA:23,0,0,-
DA:24,0
FNF:1
FNH:1
LF:6
LH:5
BRF:1
BRH:0
end_of_record
TN:
SF:src/utils/Exec.sol
FN:11,Exec.call
FNDA:3,Exec.call
DA:18,3
FN:22,Exec.staticcall
FNDA:0,Exec.staticcall
DA:28,0
FN:32,Exec.delegateCall
FNDA:0,Exec.delegateCall
DA:38,0
FN:43,Exec.getReturnData
FNDA:2,Exec.getReturnData
DA:45,2
DA:46,2
BRDA:46,0,0,-
DA:47,0
DA:49,2
DA:50,2
DA:51,2
DA:52,2
DA:53,2
FN:58,Exec.revertWithData
FNDA:0,Exec.revertWithData
DA:60,0
FN:64,Exec.callAndRevert
FNDA:0,Exec.callAndRevert
DA:65,0
DA:66,0
BRDA:66,1,0,-
DA:67,0
FNF:6
FNH:2
LF:15
LH:8
BRF:2
BRH:0
end_of_record
TN:
SF:test/harnesses/EntryPointHarness.sol
FN:10,EPH.expose_getValidationData
FNDA:5,EPH.expose_getValidationData
DA:15,5
FN:18,EPH.expose_validateAccountAndPaymasterValidationData
FNDA:4,EPH.expose_validateAccountAndPaymasterValidationData
DA:24,4
FN:29,EPH.expose_compensate
FNDA:2,EPH.expose_compensate
DA:30,2
FN:33,EPH.expose_emitUserOperationEvent
FNDA:1,EPH.expose_emitUserOperationEvent
DA:39,1
FN:42,EPH.expose_emitPrefundTooLow
FNDA:1,EPH.expose_emitPrefundTooLow
DA:43,1
FN:46,EPH.expose_getRequiredPrefund
FNDA:1,EPH.expose_getRequiredPrefund
DA:47,1
FN:50,EPH.expose_getUserOpGasPrice
FNDA:3,EPH.expose_getUserOpGasPrice
DA:51,3
FN:54,EPH.expose_copyUserOpToMemory
FNDA:6,EPH.expose_copyUserOpToMemory
DA:59,6
DA:60,6
DA:61,5
FN:64,EPH.expose_validateAccountPrepayment
FNDA:5,EPH.expose_validateAccountPrepayment
DA:71,5
FN:74,EPH.expose_validatePaymasterPrepayment
FNDA:4,EPH.expose_validatePaymasterPrepayment
DA:80,4
FN:83,EPH.expose_validatePrepayment
FNDA:4,EPH.expose_validatePrepayment
DA:88,4
FN:91,EPH.expose_createSenderIfNeeded
FNDA:6,EPH.expose_createSenderIfNeeded
DA:92,6
FN:95,EPH.expose_executeUserOp
FNDA:1,EPH.expose_executeUserOp
DA:99,1
FNF:13
FNH:13
LF:15
LH:15
BRF:0
BRH:0
end_of_record
TN:
SF:test/mock/EmptySenderFactory.sol
FN:7,EmptySenderFactory.
FNDA:1,EmptySenderFactory.
DA:8,1
FN:11,EmptySenderFactory.getAccountAddress
FNDA:1,EmptySenderFactory.getAccountAddress
DA:12,1
FN:14,EmptySenderFactory.createAccount
FNDA:1,EmptySenderFactory.createAccount
DA:16,1
FNF:3
FNH:3
LF:3
LH:3
BRF:0
BRH:0
end_of_record
TN:
SF:test/mock/RevertsOnEtherReceived.sol
FN:5,RevertsOnEtherReceived.
FNDA:3,RevertsOnEtherReceived.
DA:6,3
FNF:1
FNH:1
LF:1
LH:1
BRF:0
BRH:0
end_of_record
TN:
SF:test/mock/SimpleAccountRevert.sol
FN:20,SimpleAccountRevert.
FNDA:3,SimpleAccountRevert.
DA:21,3
DA:22,3
FN:25,SimpleAccountRevert.entryPoint
FNDA:0,SimpleAccountRevert.entryPoint
DA:26,2
FN:29,SimpleAccountRevert._validateSignature
FNDA:2,SimpleAccountRevert._validateSignature
DA:36,2
BRDA:36,0,0,1
BRDA:36,0,1,1
DA:37,1
DA:39,1
FN:43,SimpleAccountRevert.failExecute
FNDA:0,SimpleAccountRevert.failExecute
DA:44,0
FN:47,SimpleAccountRevert.executeSuccessful
FNDA:0,SimpleAccountRevert.executeSuccessful
FN:49,SimpleAccountRevert._payPrefund
FNDA:1,SimpleAccountRevert._payPrefund
DA:50,1
BRDA:50,1,0,1
DA:51,1
FNF:6
FNH:3
LF:9
LH:8
BRF:3
BRH:3
end_of_record
TN:
SF:test/unit/core/SenderCreatorTest.t.sol
FN:8,RevertingFactory.revertOnCall
FNDA:1,RevertingFactory.revertOnCall
DA:9,1
FNF:1
FNH:1
LF:1
LH:1
BRF:0
BRH:0
end_of_record
TN:
SF:test/unit/samples/PaymasterTest.t.sol
FN:16,PaymasterHarness.expose_validatePaymasterUserOp
FNDA:2,PaymasterHarness.expose_validatePaymasterUserOp
DA:21,2
FNF:1
FNH:1
LF:1
LH:1
BRF:0
BRH:0
end_of_record
TN:
SF:test/unit/samples/SimpleAccountTest.t.sol
FN:16,RevertOnCalledByExecute.
FNDA:0,RevertOnCalledByExecute.
DA:17,0
FN:24,SimpleAccountHarness.expose_validateSignature
FNDA:2,SimpleAccountHarness.expose_validateSignature
DA:29,2
FNF:2
FNH:1
LF:2
LH:1
BRF:0
BRH:0
end_of_record
