TN:
SF:src/core/BaseAccount.sol
FN:24,BaseAccount.getNonce
FNDA:1,BaseAccount.getNonce
DA:25,1
FN:35,BaseAccount.validateUserOp
FNDA:7,BaseAccount.validateUserOp
DA:40,7
DA:41,7
DA:42,6
DA:43,6
FN:49,BaseAccount._requireFromEntryPoint
FNDA:12,BaseAccount._requireFromEntryPoint
DA:50,12
BRDA:50,0,0,1
BRDA:50,0,1,11
FN:91,BaseAccount._validateNonce
FNDA:6,BaseAccount._validateNonce
FN:103,BaseAccount._payPrefund
FNDA:5,BaseAccount._payPrefund
DA:104,5
BRDA:104,1,0,3
DA:105,3
FNF:5
FNH:5
LF:8
LH:8
BRF:3
BRH:3
end_of_record
TN:
SF:src/core/BasePaymaster.sol
FN:23,BasePaymaster.
FNDA:9,BasePaymaster.
DA:24,9
DA:25,9
FN:30,BasePaymaster._validateEntryPointInterface
FNDA:9,BasePaymaster._validateEntryPointInterface
DA:31,9
BRDA:31,0,0,-
BRDA:31,0,1,9
FN:35,BasePaymaster.validatePaymasterUserOp
FNDA:3,BasePaymaster.validatePaymasterUserOp
DA:40,3
DA:41,3
FN:57,BasePaymaster.postOp
FNDA:0,BasePaymaster.postOp
DA:63,0
DA:64,0
FN:82,BasePaymaster._postOp
FNDA:0,BasePaymaster._postOp
DA:90,0
FN:96,BasePaymaster.deposit
FNDA:0,BasePaymaster.deposit
DA:97,0
FN:105,BasePaymaster.withdrawTo
FNDA:0,BasePaymaster.withdrawTo
DA:109,0
FN:117,BasePaymaster.addStake
FNDA:0,BasePaymaster.addStake
DA:118,0
FN:124,BasePaymaster.getDeposit
FNDA:0,BasePaymaster.getDeposit
DA:125,0
FN:132,BasePaymaster.unlockStake
FNDA:0,BasePaymaster.unlockStake
DA:133,0
FN:141,BasePaymaster.withdrawStake
FNDA:0,BasePaymaster.withdrawStake
DA:142,0
FN:148,BasePaymaster._requireFromEntryPoint
FNDA:3,BasePaymaster._requireFromEntryPoint
DA:149,3
BRDA:149,1,0,-
BRDA:149,1,1,3
FNF:12
FNH:4
LF:15
LH:6
BRF:4
BRH:2
end_of_record
TN:
SF:src/core/EntryPoint.sol
FN:32,EntryPoint.senderCreator
FNDA:0,EntryPoint.senderCreator
DA:33,0
FN:48,EntryPoint.supportsInterface
FNDA:9,EntryPoint.supportsInterface
DA:50,9
DA:52,9
DA:53,0
FN:61,EntryPoint._compensate
FNDA:4,EntryPoint._compensate
DA:62,4
BRDA:62,0,0,1
BRDA:62,0,1,3
DA:63,3
DA:64,3
BRDA:64,1,0,1
BRDA:64,1,1,2
FN:74,EntryPoint._executeUserOp
FNDA:2,EntryPoint._executeUserOp
DA:78,2
DA:79,2
DA:80,2
DA:82,2
DA:84,2
DA:86,2
DA:87,2
DA:88,2
DA:90,2
DA:91,2
BRDA:91,2,0,2
DA:93,2
BRDA:93,3,0,-
BRDA:93,3,1,2
DA:94,0
DA:95,0
DA:97,2
DA:100,2
DA:101,2
DA:102,2
DA:105,2
BRDA:105,4,0,-
DA:106,0
DA:108,0
DA:109,0
BRDA:109,5,0,-
DA:110,0
DA:111,0
DA:114,0
BRDA:114,6,0,-
BRDA:114,6,1,-
DA:117,0
DA:118,0
BRDA:118,7,0,-
BRDA:118,7,1,-
DA:120,0
DA:121,0
DA:122,0
DA:123,0
DA:124,0
DA:126,0
DA:133,0
DA:134,0
FN:139,EntryPoint.emitUserOperationEvent
FNDA:3,EntryPoint.emitUserOperationEvent
DA:143,3
FN:154,EntryPoint.emitPrefundTooLow
FNDA:1,EntryPoint.emitPrefundTooLow
DA:155,1
FN:159,EntryPoint.handleOps
FNDA:2,EntryPoint.handleOps
DA:160,2
DA:161,2
DA:164,2
DA:165,2
DA:166,2
DA:167,2
DA:170,2
DA:171,2
DA:173,2
DA:174,2
DA:177,2
FN:182,EntryPoint.handleAggregatedOps
FNDA:0,EntryPoint.handleAggregatedOps
DA:186,0
DA:187,0
DA:188,0
DA:189,0
DA:190,0
DA:191,0
DA:194,0
BRDA:194,8,0,-
BRDA:194,8,1,-
DA:196,0
BRDA:196,9,0,-
DA:198,0
DA:199,0
DA:200,0
DA:204,0
DA:207,0
DA:209,0
DA:210,0
DA:211,0
DA:212,0
DA:213,0
DA:215,0
DA:216,0
DA:217,0
DA:218,0
DA:219,0
DA:222,0
DA:226,0
DA:228,0
DA:229,0
DA:230,0
DA:231,0
DA:232,0
DA:233,0
DA:234,0
DA:236,0
DA:237,0
DA:238,0
DA:241,0
DA:243,0
FN:279,EntryPoint.innerHandleOp
FNDA:2,EntryPoint.innerHandleOp
DA:283,2
DA:284,2
BRDA:284,10,0,-
BRDA:284,10,1,2
DA:285,2
DA:287,2
DA:290,2
BRDA:290,11,0,-
DA:292,0
DA:293,0
DA:298,2
DA:299,2
BRDA:299,12,0,2
DA:300,2
DA:301,2
BRDA:301,13,0,-
DA:302,0
DA:303,0
BRDA:303,14,0,-
DA:304,0
DA:306,0
DA:311,2
DA:312,2
FN:317,EntryPoint.getUserOpHash
FNDA:14,EntryPoint.getUserOpHash
DA:318,16
FN:326,EntryPoint._copyUserOpToMemory
FNDA:8,EntryPoint._copyUserOpToMemory
DA:327,8
DA:328,8
DA:329,8
DA:330,8
DA:331,8
DA:332,8
DA:333,8
BRDA:333,15,0,7
BRDA:333,15,1,6
DA:334,7
BRDA:334,16,0,1
BRDA:334,16,1,6
DA:335,6
DA:338,1
DA:339,1
DA:340,1
FN:348,EntryPoint._getRequiredPrefund
FNDA:3,EntryPoint._getRequiredPrefund
DA:350,3
DA:353,3
FN:363,EntryPoint._createSenderIfNeeded
FNDA:7,EntryPoint._createSenderIfNeeded
DA:364,7
BRDA:364,17,0,-
DA:365,0
DA:366,0
BRDA:366,18,0,-
DA:367,0
DA:369,0
DA:370,0
BRDA:370,19,0,-
DA:371,0
DA:373,0
BRDA:373,20,0,-
DA:374,0
DA:376,0
BRDA:376,21,0,-
DA:377,0
DA:379,0
DA:380,0
FN:385,EntryPoint.getSenderAddress
FNDA:0,EntryPoint.getSenderAddress
DA:386,0
DA:387,0
FN:399,EntryPoint._validateAccountPrepayment
FNDA:7,EntryPoint._validateAccountPrepayment
DA:407,7
DA:408,7
DA:409,7
DA:410,7
DA:411,7
DA:412,7
BRDA:412,22,0,6
DA:413,6
DA:414,6
DA:416,7
DA:417,6
DA:418,6
DA:419,1
DA:420,1
DA:422,6
BRDA:422,23,0,5
DA:423,5
DA:424,5
DA:425,5
BRDA:425,24,0,1
DA:427,1
DA:429,4
FN:445,EntryPoint._validatePaymasterPrepayment
FNDA:5,EntryPoint._validatePaymasterPrepayment
DA:452,5
DA:453,5
DA:454,5
DA:455,5
DA:456,5
DA:457,5
BRDA:457,25,0,1
DA:458,1
DA:460,4
DA:461,4
DA:462,4
DA:464,3
DA:465,3
DA:466,3
DA:467,1
DA:468,1
DA:471,3
BRDA:471,26,0,1
DA:472,1
FN:484,EntryPoint._validateAccountAndPaymasterValidationData
FNDA:6,EntryPoint._validateAccountAndPaymasterValidationData
DA:490,6
DA:491,6
BRDA:491,27,0,1
DA:492,1
DA:494,1
BRDA:494,28,0,1
DA:495,1
DA:499,4
DA:500,4
DA:501,4
BRDA:501,29,0,1
DA:502,1
DA:504,1
BRDA:504,30,0,1
DA:505,1
FN:515,EntryPoint._getValidationData
FNDA:15,EntryPoint._getValidationData
DA:520,15
BRDA:520,31,0,7
DA:521,7
DA:523,8
DA:525,8
DA:526,8
FN:536,EntryPoint._validatePrepayment
FNDA:2,EntryPoint._validatePrepayment
DA:540,2
DA:541,2
DA:542,2
DA:543,2
DA:547,2
DA:548,2
DA:551,2
BRDA:551,32,0,-
BRDA:551,32,1,2
DA:553,2
DA:554,2
DA:556,2
BRDA:556,33,0,-
DA:557,0
DA:561,2
BRDA:561,34,0,-
DA:562,0
DA:566,2
DA:567,2
BRDA:567,35,0,1
DA:568,1
DA:572,2
DA:573,2
DA:574,2
FN:587,EntryPoint._postExecution
FNDA:2,EntryPoint._postExecution
DA:593,2
DA:595,2
DA:596,2
DA:597,2
DA:599,2
DA:600,2
BRDA:600,36,0,1
BRDA:600,36,1,-
DA:601,1
DA:603,1
DA:604,1
BRDA:604,37,0,-
DA:605,0
DA:606,0
BRDA:606,38,0,-
DA:607,0
DA:609,0
DA:611,0
DA:612,0
DA:613,0
DA:618,2
DA:622,2
DA:623,2
DA:625,2
BRDA:625,39,0,2
DA:626,2
DA:627,2
DA:628,2
DA:632,2
DA:633,2
DA:634,2
BRDA:634,40,0,-
BRDA:634,40,1,2
DA:635,0
BRDA:635,41,0,-
BRDA:635,41,1,-
DA:636,0
DA:637,0
DA:638,0
DA:641,0
DA:642,0
DA:646,2
DA:647,2
DA:648,2
DA:649,2
FN:659,EntryPoint.getUserOpGasPrice
FNDA:5,EntryPoint.getUserOpGasPrice
DA:661,5
DA:662,5
DA:663,5
BRDA:663,42,0,3
DA:665,3
DA:667,2
FN:675,EntryPoint.getOffsetOfMemoryBytes
FNDA:2,EntryPoint.getOffsetOfMemoryBytes
DA:677,2
FN:685,EntryPoint.getMemoryBytesFromOffset
FNDA:2,EntryPoint.getMemoryBytesFromOffset
DA:687,2
FN:692,EntryPoint.delegateAndRevert
FNDA:0,EntryPoint.delegateAndRevert
DA:693,0
DA:694,0
FNF:24
FNH:20
LF:254
LH:160
BRF:56
BRH:28
end_of_record
TN:
SF:src/core/EntryPointSimulations.sol
FN:21,EntryPointSimulations.initSenderCreator
FNDA:0,EntryPointSimulations.initSenderCreator
DA:23,0
DA:24,0
FN:27,EntryPointSimulations.senderCreator
FNDA:0,EntryPointSimulations.senderCreator
DA:30,0
FN:37,EntryPointSimulations.
FNDA:0,EntryPointSimulations.
DA:38,0
BRDA:38,0,0,-
BRDA:38,0,1,-
FN:42,EntryPointSimulations.simulateValidation
FNDA:0,EntryPointSimulations.simulateValidation
DA:49,0
DA:51,0
DA:52,0
DA:55,0
DA:56,0
DA:59,0
DA:60,0
DA:62,0
DA:63,0
DA:66,0
DA:69,0
DA:70,0
DA:78,0
DA:79,0
BRDA:79,1,0,-
DA:80,0
DA:85,0
FN:95,EntryPointSimulations.simulateHandleOp
FNDA:0,EntryPointSimulations.simulateHandleOp
DA:104,0
DA:105,0
DA:106,0
DA:109,0
DA:111,0
DA:112,0
DA:113,0
DA:114,0
BRDA:114,2,0,-
DA:115,0
DA:117,0
FN:127,EntryPointSimulations._simulationOnlyValidations
FNDA:0,EntryPointSimulations._simulationOnlyValidations
DA:133,0
DA:136,0
DA:142,0
DA:143,0
BRDA:143,3,0,-
DA:144,0
FN:156,EntryPointSimulations._validateSenderAndPaymaster
FNDA:0,EntryPointSimulations._validateSenderAndPaymaster
DA:161,0
BRDA:161,4,0,-
DA:163,0
DA:165,0
BRDA:165,5,0,-
DA:166,0
DA:167,0
BRDA:167,6,0,-
DA:169,0
DA:173,0
FN:179,EntryPointSimulations.depositTo
FNDA:0,EntryPointSimulations.depositTo
DA:183,0
DA:184,0
DA:185,0
DA:187,0
FNF:8
FNH:0
LF:46
LH:0
BRF:8
BRH:0
end_of_record
TN:
SF:src/core/NonceManager.sol
FN:17,NonceManager.getNonce
FNDA:4,NonceManager.getNonce
DA:19,4
FN:26,NonceManager.incrementNonce
FNDA:2,NonceManager.incrementNonce
DA:27,2
FN:36,NonceManager._validateAndUpdateNonce
FNDA:2,NonceManager._validateAndUpdateNonce
DA:38,2
DA:39,2
DA:40,2
FNF:3
FNH:3
LF:5
LH:5
BRF:0
BRH:0
end_of_record
TN:
SF:src/core/SenderCreator.sol
FN:15,SenderCreator.createSender
FNDA:0,SenderCreator.createSender
DA:18,0
DA:19,0
DA:20,0
DA:23,0
DA:32,0
DA:34,0
BRDA:34,0,0,-
DA:35,0
FNF:1
FNH:0
LF:7
LH:0
BRF:1
BRH:0
end_of_record
TN:
SF:src/core/StakeManager.sol
FN:19,StakeManager.getDepositInfo
FNDA:2,StakeManager.getDepositInfo
DA:22,2
FN:29,StakeManager._getStakeInfo
FNDA:0,StakeManager._getStakeInfo
DA:32,0
DA:33,0
DA:34,0
FN:38,StakeManager.balanceOf
FNDA:1,StakeManager.balanceOf
DA:39,7
FN:42,StakeManager.
FNDA:4,StakeManager.
DA:43,4
FN:52,StakeManager._incrementDeposit
FNDA:11,StakeManager._incrementDeposit
DA:53,11
DA:54,11
DA:55,11
DA:56,11
FN:63,StakeManager.depositTo
FNDA:5,StakeManager.depositTo
DA:64,9
DA:65,9
FN:73,StakeManager.addStake
FNDA:11,StakeManager.addStake
DA:74,11
DA:75,11
BRDA:75,0,0,1
BRDA:75,0,1,10
DA:76,10
BRDA:76,1,0,1
BRDA:76,1,1,9
DA:80,9
DA:82,9
BRDA:82,2,0,1
BRDA:82,2,1,8
DA:84,8
BRDA:84,3,0,1
BRDA:84,3,1,7
DA:85,7
DA:92,7
FN:99,StakeManager.unlockStake
FNDA:5,StakeManager.unlockStake
DA:100,5
DA:101,5
BRDA:101,4,0,1
BRDA:101,4,1,4
DA:102,4
BRDA:102,5,0,1
BRDA:102,5,1,3
DA:103,3
DA:104,3
DA:105,3
DA:106,3
FN:114,StakeManager.withdrawStake
FNDA:3,StakeManager.withdrawStake
DA:115,3
DA:116,3
DA:117,3
BRDA:117,6,0,1
BRDA:117,6,1,2
DA:118,2
BRDA:118,7,0,1
BRDA:118,7,1,1
DA:119,1
BRDA:119,8,0,1
BRDA:119,8,1,-
DA:123,0
DA:124,0
DA:125,0
DA:126,0
DA:127,0
DA:128,0
BRDA:128,9,0,-
BRDA:128,9,1,-
FN:136,StakeManager.withdrawTo
FNDA:0,StakeManager.withdrawTo
DA:140,0
DA:141,0
BRDA:141,10,0,-
BRDA:141,10,1,-
DA:142,0
DA:143,0
DA:144,0
DA:145,0
BRDA:145,11,0,-
BRDA:145,11,1,-
FNF:10
FNH:8
LF:44
LH:29
BRF:24
BRH:17
end_of_record
TN:
SF:src/core/UserOperationLib.sol
FN:21,UserOperationLib.getSender
FNDA:16,UserOperationLib.getSender
DA:24,16
DA:27,16
DA:29,16
FN:37,UserOperationLib.gasPrice
FNDA:0,UserOperationLib.gasPrice
DA:41,0
DA:42,0
BRDA:42,0,0,-
DA:44,0
DA:46,0
FN:54,UserOperationLib.encode
FNDA:16,UserOperationLib.encode
DA:57,16
DA:58,16
DA:59,16
DA:60,16
DA:61,16
DA:62,16
DA:63,16
DA:64,16
DA:66,16
FN:74,UserOperationLib.unpackUints
FNDA:16,UserOperationLib.unpackUints
DA:77,16
FN:81,UserOperationLib.unpackHigh128
FNDA:0,UserOperationLib.unpackHigh128
DA:82,0
FN:86,UserOperationLib.unpackLow128
FNDA:0,UserOperationLib.unpackLow128
DA:87,0
FN:90,UserOperationLib.unpackMaxPriorityFeePerGas
FNDA:0,UserOperationLib.unpackMaxPriorityFeePerGas
DA:92,0
FN:95,UserOperationLib.unpackMaxFeePerGas
FNDA:0,UserOperationLib.unpackMaxFeePerGas
DA:97,0
FN:100,UserOperationLib.unpackVerificationGasLimit
FNDA:0,UserOperationLib.unpackVerificationGasLimit
DA:102,0
FN:105,UserOperationLib.unpackCallGasLimit
FNDA:0,UserOperationLib.unpackCallGasLimit
DA:107,0
FN:110,UserOperationLib.unpackPaymasterVerificationGasLimit
FNDA:0,UserOperationLib.unpackPaymasterVerificationGasLimit
DA:112,0
FN:115,UserOperationLib.unpackPostOpGasLimit
FNDA:0,UserOperationLib.unpackPostOpGasLimit
DA:117,0
FN:120,UserOperationLib.unpackPaymasterStaticFields
FNDA:6,UserOperationLib.unpackPaymasterStaticFields
DA:123,6
FN:134,UserOperationLib.hash
FNDA:16,UserOperationLib.hash
DA:137,16
FNF:14
FNH:5
LF:27
LH:15
BRF:1
BRH:0
end_of_record
TN:
SF:src/samples/Paymaster.sol
FN:15,Paymaster._validatePaymasterUserOp
FNDA:5,Paymaster._validatePaymasterUserOp
DA:22,5
DA:23,5
DA:24,2
BRDA:24,0,0,2
BRDA:24,0,1,3
DA:25,2
DA:26,2
DA:28,3
DA:29,3
FN:33,Paymaster.addAddressToWhitelist
FNDA:4,Paymaster.addAddressToWhitelist
DA:34,3
FN:37,Paymaster.removeAddressFromWhitelist
FNDA:2,Paymaster.removeAddressFromWhitelist
DA:38,1
FN:41,Paymaster.checkIfWhitelisted
FNDA:3,Paymaster.checkIfWhitelisted
DA:42,3
FNF:4
FNH:4
LF:10
LH:10
BRF:2
BRH:2
end_of_record
TN:
SF:src/samples/SimpleAccount.sol
FN:20,SimpleAccount.
FNDA:14,SimpleAccount.
DA:21,14
FN:24,SimpleAccount.entryPoint
FNDA:1,SimpleAccount.entryPoint
DA:25,12
FN:28,SimpleAccount._validateSignature
FNDA:7,SimpleAccount._validateSignature
DA:35,7
DA:37,7
BRDA:37,0,0,5
BRDA:37,0,1,2
DA:38,5
DA:40,2
FN:44,SimpleAccount.execute
FNDA:5,SimpleAccount.execute
DA:45,5
DA:46,4
DA:47,4
BRDA:47,1,0,1
DA:48,1
FNF:4
FNH:4
LF:10
LH:10
BRF:3
BRH:3
end_of_record
TN:
SF:src/utils/Exec.sol
FN:11,Exec.call
FNDA:2,Exec.call
DA:18,2
FN:22,Exec.staticcall
FNDA:0,Exec.staticcall
DA:28,0
FN:32,Exec.delegateCall
FNDA:0,Exec.delegateCall
DA:38,0
FN:43,Exec.getReturnData
FNDA:2,Exec.getReturnData
DA:45,2
DA:46,2
BRDA:46,0,0,-
DA:47,0
DA:49,2
DA:50,2
DA:51,2
DA:52,2
DA:53,2
FN:58,Exec.revertWithData
FNDA:0,Exec.revertWithData
DA:60,0
FN:64,Exec.callAndRevert
FNDA:0,Exec.callAndRevert
DA:65,0
DA:66,0
BRDA:66,1,0,-
DA:67,0
FNF:6
FNH:2
LF:15
LH:8
BRF:2
BRH:0
end_of_record
TN:
SF:test/unit/core/EntryPointTest.t.sol
FN:25,SimpleAccountRevert.
FNDA:2,SimpleAccountRevert.
DA:26,2
DA:27,2
FN:30,SimpleAccountRevert.entryPoint
FNDA:0,SimpleAccountRevert.entryPoint
DA:31,2
FN:34,SimpleAccountRevert._validateSignature
FNDA:2,SimpleAccountRevert._validateSignature
DA:41,2
BRDA:41,0,0,1
BRDA:41,0,1,1
DA:42,1
DA:44,1
FN:48,SimpleAccountRevert._payPrefund
FNDA:1,SimpleAccountRevert._payPrefund
DA:49,1
BRDA:49,1,0,1
DA:50,1
FN:63,EPH.expose_getValidationData
FNDA:5,EPH.expose_getValidationData
DA:68,5
FN:71,EPH.expose_validateAccountAndPaymasterValidationData
FNDA:4,EPH.expose_validateAccountAndPaymasterValidationData
DA:77,4
FN:82,EPH.expose_compensate
FNDA:2,EPH.expose_compensate
DA:83,2
FN:86,EPH.expose_emitUserOperationEvent
FNDA:1,EPH.expose_emitUserOperationEvent
DA:92,1
FN:95,EPH.expose_emitPrefundTooLow
FNDA:1,EPH.expose_emitPrefundTooLow
DA:96,1
FN:99,EPH.expose_getRequiredPrefund
FNDA:1,EPH.expose_getRequiredPrefund
DA:100,1
FN:103,EPH.expose_getUserOpGasPrice
FNDA:3,EPH.expose_getUserOpGasPrice
DA:104,3
FN:107,EPH.expose_copyUserOpToMemory
FNDA:6,EPH.expose_copyUserOpToMemory
DA:112,6
DA:113,6
DA:114,5
FN:117,EPH.expose_validateAccountPrepayment
FNDA:5,EPH.expose_validateAccountPrepayment
DA:124,5
FN:127,EPH.expose_validatePaymasterPrepayment
FNDA:4,EPH.expose_validatePaymasterPrepayment
DA:133,4
FN:136,EPH.expose_validatePrepayment
FNDA:0,EPH.expose_validatePrepayment
DA:141,0
FN:146,RevertsOnEtherReceived.
FNDA:1,RevertsOnEtherReceived.
DA:147,1
FNF:16
FNH:14
LF:22
LH:21
BRF:3
BRH:3
end_of_record
TN:
SF:test/unit/samples/PaymasterTest.t.sol
FN:15,PaymasterHarness.expose_validatePaymasterUserOp
FNDA:2,PaymasterHarness.expose_validatePaymasterUserOp
DA:20,2
FNF:1
FNH:1
LF:1
LH:1
BRF:0
BRH:0
end_of_record
TN:
SF:test/unit/samples/SimpleAccountTest.t.sol
FN:16,RevertOnCalledByExecute.
FNDA:0,RevertOnCalledByExecute.
DA:17,0
FN:24,SimpleAccountHarness.expose_validateSignature
FNDA:2,SimpleAccountHarness.expose_validateSignature
DA:29,2
FNF:2
FNH:1
LF:2
LH:1
BRF:0
BRH:0
end_of_record
